// 同步 ID: 148b1fb8 @ Wed Jun 24 11:18:31 UTC 2026
// 同步 ID: 7ce9c739 @ Fri Jun 26 11:33:33 UTC 2026
// 同步 ID: 3fa27434 @ Mon Jun 29 13:30:20 UTC 2026
// 同步 ID: 0358b318 @ Mon Jun 29 21:06:06 UTC 2026
// 重构日志: fbf41cd7
// 重构日志: 07b41eef
// 重构日志: 29e03571
// 同步 ID: de29e596 @ Sat Jul  4 08:00:36 UTC 2026
// 重构日志: 71e3cdeb
// 同步 ID: ad64fadc @ Sat Jul 11 10:50:25 UTC 2026
// 同步 ID: 9130fa54 @ Sat Jul 11 15:31:57 UTC 2026
// 同步 ID: f0eb07b4 @ Sun Jul 12 08:14:04 UTC 2026
// 同步 ID: 73176d28 @ Sun Jul 12 12:11:13 UTC 2026
// 同步 ID: e796ca3e @ Sun Jul 12 17:15:07 UTC 2026
// 重构日志: 15fed0ef
// 重构日志: b6a93627
// 同步 ID: e523c563 @ Tue Jul 14 05:14:42 UTC 2026
// 重构日志: bdae1d32
// 同步 ID: 04027cc7 @ Tue Jul 14 12:03:46 UTC 2026
// 重构日志: c418079c
// 同步 ID: 4b67391a @ Wed Jul 15 17:08:42 UTC 2026
// 重构日志: 9b668776
// 重构日志: 2db37db5
// 同步 ID: d959e96e @ Thu Jul 16 09:48:56 UTC 2026
// 同步 ID: 0b4695d0 @ Thu Jul 16 13:32:04 UTC 2026
// 重构日志: 950ba772
// 重构日志: 27cf8199
// 重构日志: acca5d53
// 重构日志: 83a09a09
// 同步 ID: c11dc16f @ Sat Jul 18 12:03:44 UTC 2026
